# JRE version: OpenJDK Runtime Environment Temurin-21.0.10+7 (21.0.10+7) (build 21.0.10+7-LTS)
# Java VM: OpenJDK 64-Bit Server VM Temurin-21.0.10+7 (21.0.10+7-LTS, mixed mode, sharing, tiered, compressed oops, compressed class ptrs, parallel gc, windows-amd64)
GC Precious Log:
 CardTable entry size: 512
 CPUs: 16 total, 16 available
 Memory: 8010M
 Large Page Support: Disabled
 NUMA Support: Disabled
 Compressed Oops: Enabled (32-bit)
 Alignments: Space 512K, Generation 512K, Heap 2M
 Heap Min Capacity: 100M
 Heap Initial Capacity: 100M
 Heap Max Capacity: 2G
 Pre-touch: Disabled
 Parallel Workers: 13
Heap:
 PSYoungGen      total 23040K, used 2061K [0x00000000d5580000, 0x00000000d7800000, 0x0000000100000000)
  eden space 20480K, 10% used [0x00000000d5580000,0x00000000d57837e0,0x00000000d6980000)
  from space 2560K, 0% used [0x00000000d7580000,0x00000000d7580000,0x00000000d7800000)
  to   space 5632K, 0% used [0x00000000d6d00000,0x00000000d6d00000,0x00000000d7280000)
 ParOldGen       total 638464K, used 221935K [0x0000000080000000, 0x00000000a6f80000, 0x00000000d5580000)
  object space 638464K, 34% used [0x0000000080000000,0x000000008d8bbe78,0x00000000a6f80000)
 Metaspace       used 77221K, committed 78912K, reserved 1179648K
  class space    used 7724K, committed 8512K, reserved 1048576K
GC Heap History (20 events):
Event: 175.768 GC heap before
{Heap before GC invocations=679 (full 3):
 PSYoungGen      total 21504K, used 21484K [0x00000000d5580000, 0x00000000d6d80000, 0x0000000100000000)
  eden space 20480K, 100% used [0x00000000d5580000,0x00000000d6980000,0x00000000d6980000)
  from space 1024K, 98% used [0x00000000d6a00000,0x00000000d6afb2c8,0x00000000d6b00000)
  to   space 2048K, 0% used [0x00000000d6b80000,0x00000000d6b80000,0x00000000d6d80000)
 ParOldGen       total 612864K, used 612763K [0x0000000080000000, 0x00000000a5680000, 0x00000000d5580000)
  object space 612864K, 99% used [0x0000000080000000,0x00000000a5666f10,0x00000000a5680000)
 Metaspace       used 73536K, committed 75136K, reserved 1179648K
  class space    used 7362K, committed 8064K, reserved 1048576K
}
Event: 175.772 GC heap after
{Heap after GC invocations=679 (full 3):
 PSYoungGen      total 21504K, used 788K [0x00000000d5580000, 0x00000000d6c80000, 0x0000000100000000)
  eden space 20480K, 0% used [0x00000000d5580000,0x00000000d5580000,0x00000000d6980000)
  from space 1024K, 77% used [0x00000000d6b80000,0x00000000d6c45240,0x00000000d6c80000)
  to   space 1536K, 0% used [0x00000000d6980000,0x00000000d6980000,0x00000000d6b00000)
 ParOldGen       total 613376K, used 613264K [0x0000000080000000, 0x00000000a5700000, 0x00000000d5580000)
  object space 613376K, 99% used [0x0000000080000000,0x00000000a56e4110,0x00000000a5700000)
 Metaspace       used 73536K, committed 75136K, reserved 1179648K
  class space    used 7362K, committed 8064K, reserved 1048576K
}
Event: 176.393 GC heap before
{Heap before GC invocations=680 (full 3):
 PSYoungGen      total 21504K, used 21113K [0x00000000d5580000, 0x00000000d6c80000, 0x0000000100000000)
  eden space 20480K, 99% used [0x00000000d5580000,0x00000000d6959570,0x00000000d6980000)
  from space 1024K, 77% used [0x00000000d6b80000,0x00000000d6c45240,0x00000000d6c80000)
  to   space 1536K, 0% used [0x00000000d6980000,0x00000000d6980000,0x00000000d6b00000)
 ParOldGen       total 613376K, used 613264K [0x0000000080000000, 0x00000000a5700000, 0x00000000d5580000)
  object space 613376K, 99% used [0x0000000080000000,0x00000000a56e4110,0x00000000a5700000)
 Metaspace       used 74344K, committed 75968K, reserved 1179648K
  class space    used 7431K, committed 8128K, reserved 1048576K
}
Event: 176.409 GC heap after
{Heap after GC invocations=680 (full 3):
 PSYoungGen      total 22016K, used 1524K [0x00000000d5580000, 0x00000000d6e80000, 0x0000000100000000)
  eden space 20480K, 0% used [0x00000000d5580000,0x00000000d5580000,0x00000000d6980000)
  from space 1536K, 99% used [0x00000000d6980000,0x00000000d6afd200,0x00000000d6b00000)
  to   space 2560K, 0% used [0x00000000d6c00000,0x00000000d6c00000,0x00000000d6e80000)
 ParOldGen       total 614400K, used 613961K [0x0000000080000000, 0x00000000a5800000, 0x00000000d5580000)
  object space 614400K, 99% used [0x0000000080000000,0x00000000a57924b0,0x00000000a5800000)
 Metaspace       used 74344K, committed 75968K, reserved 1179648K
  class space    used 7431K, committed 8128K, reserved 1048576K
}
Event: 177.285 GC heap before
{Heap before GC invocations=681 (full 3):
 PSYoungGen      total 22016K, used 22004K [0x00000000d5580000, 0x00000000d6e80000, 0x0000000100000000)
  eden space 20480K, 100% used [0x00000000d5580000,0x00000000d6980000,0x00000000d6980000)
  from space 1536K, 99% used [0x00000000d6980000,0x00000000d6afd200,0x00000000d6b00000)
  to   space 2560K, 0% used [0x00000000d6c00000,0x00000000d6c00000,0x00000000d6e80000)
 ParOldGen       total 614400K, used 613961K [0x0000000080000000, 0x00000000a5800000, 0x00000000d5580000)
  object space 614400K, 99% used [0x0000000080000000,0x00000000a57924b0,0x00000000a5800000)
 Metaspace       used 75509K, committed 77184K, reserved 1179648K
  class space    used 7549K, committed 8256K, reserved 1048576K
}
Event: 177.293 GC heap after
{Heap after GC invocations=681 (full 3):
 PSYoungGen      total 22528K, used 1881K [0x00000000d5580000, 0x00000000d6e00000, 0x0000000100000000)
  eden space 20480K, 0% used [0x00000000d5580000,0x00000000d5580000,0x00000000d6980000)
  from space 2048K, 91% used [0x00000000d6c00000,0x00000000d6dd6668,0x00000000d6e00000)
  to   space 2048K, 0% used [0x00000000d6a00000,0x00000000d6a00000,0x00000000d6c00000)
 ParOldGen       total 615936K, used 615429K [0x0000000080000000, 0x00000000a5980000, 0x00000000d5580000)
  object space 615936K, 99% used [0x0000000080000000,0x00000000a5901768,0x00000000a5980000)
 Metaspace       used 75509K, committed 77184K, reserved 1179648K
  class space    used 7549K, committed 8256K, reserved 1048576K
}
Event: 177.878 GC heap before
{Heap before GC invocations=682 (full 3):
 PSYoungGen      total 22528K, used 22361K [0x00000000d5580000, 0x00000000d6e00000, 0x0000000100000000)
  eden space 20480K, 100% used [0x00000000d5580000,0x00000000d6980000,0x00000000d6980000)
  from space 2048K, 91% used [0x00000000d6c00000,0x00000000d6dd6668,0x00000000d6e00000)
  to   space 2048K, 0% used [0x00000000d6a00000,0x00000000d6a00000,0x00000000d6c00000)
 ParOldGen       total 615936K, used 615429K [0x0000000080000000, 0x00000000a5980000, 0x00000000d5580000)
  object space 615936K, 99% used [0x0000000080000000,0x00000000a5901768,0x00000000a5980000)
 Metaspace       used 75802K, committed 77440K, reserved 1179648K
  class space    used 7579K, committed 8320K, reserved 1048576K
}
Event: 177.904 GC heap after
{Heap after GC invocations=682 (full 3):
 PSYoungGen      total 22528K, used 2019K [0x00000000d5580000, 0x00000000d7f80000, 0x0000000100000000)
  eden space 20480K, 0% used [0x00000000d5580000,0x00000000d5580000,0x00000000d6980000)
  from space 2048K, 98% used [0x00000000d6a00000,0x00000000d6bf8df0,0x00000000d6c00000)
  to   space 11264K, 0% used [0x00000000d7480000,0x00000000d7480000,0x00000000d7f80000)
 ParOldGen       total 623616K, used 623242K [0x0000000080000000, 0x00000000a6100000, 0x00000000d5580000)
  object space 623616K, 99% used [0x0000000080000000,0x00000000a60a29f8,0x00000000a6100000)
 Metaspace       used 75802K, committed 77440K, reserved 1179648K
  class space    used 7579K, committed 8320K, reserved 1048576K
}
Event: 178.405 GC heap before
{Heap before GC invocations=683 (full 3):
 PSYoungGen      total 22528K, used 22499K [0x00000000d5580000, 0x00000000d7f80000, 0x0000000100000000)
  eden space 20480K, 100% used [0x00000000d5580000,0x00000000d6980000,0x00000000d6980000)
  from space 2048K, 98% used [0x00000000d6a00000,0x00000000d6bf8df0,0x00000000d6c00000)
  to   space 11264K, 0% used [0x00000000d7480000,0x00000000d7480000,0x00000000d7f80000)
 ParOldGen       total 623616K, used 623242K [0x0000000080000000, 0x00000000a6100000, 0x00000000d5580000)
  object space 623616K, 99% used [0x0000000080000000,0x00000000a60a29f8,0x00000000a6100000)
 Metaspace       used 75858K, committed 77504K, reserved 1179648K
  class space    used 7584K, committed 8320K, reserved 1048576K
}
Event: 178.416 GC heap after
{Heap after GC invocations=683 (full 3):
 PSYoungGen      total 23552K, used 2682K [0x00000000d5580000, 0x00000000d7780000, 0x0000000100000000)
  eden space 20480K, 0% used [0x00000000d5580000,0x00000000d5580000,0x00000000d6980000)
  from space 3072K, 87% used [0x00000000d7480000,0x00000000d771e900,0x00000000d7780000)
  to   space 5632K, 0% used [0x00000000d6c80000,0x00000000d6c80000,0x00000000d7200000)
 ParOldGen       total 623616K, used 623526K [0x0000000080000000, 0x00000000a6100000, 0x00000000d5580000)
  object space 623616K, 99% used [0x0000000080000000,0x00000000a60e9870,0x00000000a6100000)
 Metaspace       used 75858K, committed 77504K, reserved 1179648K
  class space    used 7584K, committed 8320K, reserved 1048576K
}
Event: 178.892 GC heap before
{Heap before GC invocations=684 (full 3):
 PSYoungGen      total 23552K, used 23162K [0x00000000d5580000, 0x00000000d7780000, 0x0000000100000000)
  eden space 20480K, 100% used [0x00000000d5580000,0x00000000d6980000,0x00000000d6980000)
  from space 3072K, 87% used [0x00000000d7480000,0x00000000d771e900,0x00000000d7780000)
  to   space 5632K, 0% used [0x00000000d6c80000,0x00000000d6c80000,0x00000000d7200000)
 ParOldGen       total 623616K, used 623526K [0x0000000080000000, 0x00000000a6100000, 0x00000000d5580000)
  object space 623616K, 99% used [0x0000000080000000,0x00000000a60e9870,0x00000000a6100000)
 Metaspace       used 76682K, committed 78336K, reserved 1179648K
  class space    used 7672K, committed 8448K, reserved 1048576K
}
Event: 178.895 GC heap after
{Heap after GC invocations=684 (full 3):
 PSYoungGen      total 26112K, used 1594K [0x00000000d5580000, 0x00000000d7500000, 0x0000000100000000)
  eden space 20480K, 0% used [0x00000000d5580000,0x00000000d5580000,0x00000000d6980000)
  from space 5632K, 28% used [0x00000000d6c80000,0x00000000d6e0e920,0x00000000d7200000)
  to   space 2560K, 0% used [0x00000000d7280000,0x00000000d7280000,0x00000000d7500000)
 ParOldGen       total 626176K, used 625895K [0x0000000080000000, 0x00000000a6380000, 0x00000000d5580000)
  object space 626176K, 99% used [0x0000000080000000,0x00000000a6339d10,0x00000000a6380000)
 Metaspace       used 76682K, committed 78336K, reserved 1179648K
  class space    used 7672K, committed 8448K, reserved 1048576K
}
Event: 180.193 GC heap before
{Heap before GC invocations=685 (full 3):
 PSYoungGen      total 26112K, used 22074K [0x00000000d5580000, 0x00000000d7500000, 0x0000000100000000)
  eden space 20480K, 100% used [0x00000000d5580000,0x00000000d6980000,0x00000000d6980000)
  from space 5632K, 28% used [0x00000000d6c80000,0x00000000d6e0e920,0x00000000d7200000)
  to   space 2560K, 0% used [0x00000000d7280000,0x00000000d7280000,0x00000000d7500000)
 ParOldGen       total 626176K, used 625895K [0x0000000080000000, 0x00000000a6380000, 0x00000000d5580000)
  object space 626176K, 99% used [0x0000000080000000,0x00000000a6339d10,0x00000000a6380000)
 Metaspace       used 77079K, committed 78784K, reserved 1179648K
  class space    used 7723K, committed 8512K, reserved 1048576K
}
Event: 180.201 GC heap after
{Heap after GC invocations=685 (full 3):
 PSYoungGen      total 23040K, used 2547K [0x00000000d5580000, 0x00000000d7500000, 0x0000000100000000)
  eden space 20480K, 0% used [0x00000000d5580000,0x00000000d5580000,0x00000000d6980000)
  from space 2560K, 99% used [0x00000000d7280000,0x00000000d74fcde0,0x00000000d7500000)
  to   space 5120K, 0% used [0x00000000d6b00000,0x00000000d6b00000,0x00000000d7000000)
 ParOldGen       total 627712K, used 627605K [0x0000000080000000, 0x00000000a6500000, 0x00000000d5580000)
  object space 627712K, 99% used [0x0000000080000000,0x00000000a64e5448,0x00000000a6500000)
 Metaspace       used 77079K, committed 78784K, reserved 1179648K
  class space    used 7723K, committed 8512K, reserved 1048576K
}
Event: 180.541 GC heap before
{Heap before GC invocations=686 (full 3):
 PSYoungGen      total 23040K, used 23027K [0x00000000d5580000, 0x00000000d7500000, 0x0000000100000000)
  eden space 20480K, 100% used [0x00000000d5580000,0x00000000d6980000,0x00000000d6980000)
  from space 2560K, 99% used [0x00000000d7280000,0x00000000d74fcde0,0x00000000d7500000)
  to   space 5120K, 0% used [0x00000000d6b00000,0x00000000d6b00000,0x00000000d7000000)
 ParOldGen       total 627712K, used 627605K [0x0000000080000000, 0x00000000a6500000, 0x00000000d5580000)
  object space 627712K, 99% used [0x0000000080000000,0x00000000a64e5448,0x00000000a6500000)
 Metaspace       used 77164K, committed 78848K, reserved 1179648K
  class space    used 7724K, committed 8512K, reserved 1048576K
}
Event: 180.551 GC heap after
{Heap after GC invocations=686 (full 3):
 PSYoungGen      total 25600K, used 5092K [0x00000000d5580000, 0x00000000d8180000, 0x0000000100000000)
  eden space 20480K, 0% used [0x00000000d5580000,0x00000000d5580000,0x00000000d6980000)
  from space 5120K, 99% used [0x00000000d6b00000,0x00000000d6ff9210,0x00000000d7000000)
  to   space 12288K, 0% used [0x00000000d7580000,0x00000000d7580000,0x00000000d8180000)
 ParOldGen       total 633344K, used 633248K [0x0000000080000000, 0x00000000a6a80000, 0x00000000d5580000)
  object space 633344K, 99% used [0x0000000080000000,0x00000000a6a680e8,0x00000000a6a80000)
 Metaspace       used 77164K, committed 78848K, reserved 1179648K
  class space    used 7724K, committed 8512K, reserved 1048576K
}
Event: 183.172 GC heap before
{Heap before GC invocations=687 (full 3):
 PSYoungGen      total 25600K, used 22816K [0x00000000d5580000, 0x00000000d8180000, 0x0000000100000000)
  eden space 20480K, 86% used [0x00000000d5580000,0x00000000d66cef00,0x00000000d6980000)
  from space 5120K, 99% used [0x00000000d6b00000,0x00000000d6ff9210,0x00000000d7000000)
  to   space 12288K, 0% used [0x00000000d7580000,0x00000000d7580000,0x00000000d8180000)
 ParOldGen       total 633344K, used 633248K [0x0000000080000000, 0x00000000a6a80000, 0x00000000d5580000)
  object space 633344K, 99% used [0x0000000080000000,0x00000000a6a680e8,0x00000000a6a80000)
 Metaspace       used 77223K, committed 78912K, reserved 1179648K
  class space    used 7726K, committed 8512K, reserved 1048576K
}
Event: 183.192 GC heap after
{Heap after GC invocations=687 (full 3):
 PSYoungGen      total 23040K, used 2212K [0x00000000d5580000, 0x00000000d7800000, 0x0000000100000000)
  eden space 20480K, 0% used [0x00000000d5580000,0x00000000d5580000,0x00000000d6980000)
  from space 2560K, 86% used [0x00000000d7580000,0x00000000d77a9250,0x00000000d7800000)
  to   space 5632K, 0% used [0x00000000d6d00000,0x00000000d6d00000,0x00000000d7280000)
 ParOldGen       total 638464K, used 638347K [0x0000000080000000, 0x00000000a6f80000, 0x00000000d5580000)
  object space 638464K, 99% used [0x0000000080000000,0x00000000a6f62de8,0x00000000a6f80000)
 Metaspace       used 77223K, committed 78912K, reserved 1179648K
  class space    used 7726K, committed 8512K, reserved 1048576K
}
Event: 183.192 GC heap before
{Heap before GC invocations=688 (full 4):
 PSYoungGen      total 23040K, used 2212K [0x00000000d5580000, 0x00000000d7800000, 0x0000000100000000)
  eden space 20480K, 0% used [0x00000000d5580000,0x00000000d5580000,0x00000000d6980000)
  from space 2560K, 86% used [0x00000000d7580000,0x00000000d77a9250,0x00000000d7800000)
  to   space 5632K, 0% used [0x00000000d6d00000,0x00000000d6d00000,0x00000000d7280000)
 ParOldGen       total 638464K, used 638347K [0x0000000080000000, 0x00000000a6f80000, 0x00000000d5580000)
  object space 638464K, 99% used [0x0000000080000000,0x00000000a6f62de8,0x00000000a6f80000)
 Metaspace       used 77223K, committed 78912K, reserved 1179648K
  class space    used 7726K, committed 8512K, reserved 1048576K
}
Event: 190.258 GC heap after
{Heap after GC invocations=688 (full 4):
 PSYoungGen      total 23040K, used 0K [0x00000000d5580000, 0x00000000d7800000, 0x0000000100000000)
  eden space 20480K, 0% used [0x00000000d5580000,0x00000000d5580000,0x00000000d6980000)
  from space 2560K, 0% used [0x00000000d7580000,0x00000000d7580000,0x00000000d7800000)
  to   space 5632K, 0% used [0x00000000d6d00000,0x00000000d6d00000,0x00000000d7280000)
 ParOldGen       total 638464K, used 221935K [0x0000000080000000, 0x00000000a6f80000, 0x00000000d5580000)
  object space 638464K, 34% used [0x0000000080000000,0x000000008d8bbe78,0x00000000a6f80000)
 Metaspace       used 77217K, committed 78912K, reserved 1179648K
  class space    used 7724K, committed 8512K, reserved 1048576K
}

