# JRE version: OpenJDK Runtime Environment Temurin-21.0.10+7 (21.0.10+7) (build 21.0.10+7-LTS)
# Java VM: OpenJDK 64-Bit Server VM Temurin-21.0.10+7 (21.0.10+7-LTS, mixed mode, sharing, tiered, compressed oops, compressed class ptrs, parallel gc, windows-amd64)
GC Precious Log:
 CardTable entry size: 512
 CPUs: 16 total, 16 available
 Memory: 8010M
 Large Page Support: Disabled
 NUMA Support: Disabled
 Compressed Oops: Enabled (32-bit)
 Alignments: Space 512K, Generation 512K, Heap 2M
 Heap Min Capacity: 100M
 Heap Initial Capacity: 100M
 Heap Max Capacity: 2G
 Pre-touch: Disabled
 Parallel Workers: 13
Heap:
 PSYoungGen      total 4608K, used 864K [0x00000000d5580000, 0x00000000d5b00000, 0x0000000100000000)
  eden space 3584K, 0% used [0x00000000d5580000,0x00000000d5580000,0x00000000d5900000)
  from space 1024K, 84% used [0x00000000d5a00000,0x00000000d5ad8000,0x00000000d5b00000)
  to   space 1024K, 0% used [0x00000000d5900000,0x00000000d5900000,0x00000000d5a00000)
 ParOldGen       total 1004544K, used 1004440K [0x0000000080000000, 0x00000000bd500000, 0x00000000d5580000)
  object space 1004544K, 99% used [0x0000000080000000,0x00000000bd4e6048,0x00000000bd500000)
 Metaspace       used 79303K, committed 80896K, reserved 1179648K
  class space    used 7957K, committed 8704K, reserved 1048576K
GC Heap History (20 events):
Event: 447.103 GC heap after
{Heap after GC invocations=736 (full 4):
 PSYoungGen      total 4096K, used 512K [0x00000000d5580000, 0x00000000d5c00000, 0x0000000100000000)
  eden space 3584K, 0% used [0x00000000d5580000,0x00000000d5580000,0x00000000d5900000)
  from space 512K, 100% used [0x00000000d5a80000,0x00000000d5b00000,0x00000000d5b00000)
  to   space 1536K, 0% used [0x00000000d5900000,0x00000000d5900000,0x00000000d5a80000)
 ParOldGen       total 1000448K, used 1000104K [0x0000000080000000, 0x00000000bd100000, 0x00000000d5580000)
  object space 1000448K, 99% used [0x0000000080000000,0x00000000bd0aa1f0,0x00000000bd100000)
 Metaspace       used 77889K, committed 79488K, reserved 1179648K
  class space    used 7845K, committed 8576K, reserved 1048576K
}
Event: 447.135 GC heap before
{Heap before GC invocations=737 (full 4):
 PSYoungGen      total 4096K, used 4096K [0x00000000d5580000, 0x00000000d5c00000, 0x0000000100000000)
  eden space 3584K, 100% used [0x00000000d5580000,0x00000000d5900000,0x00000000d5900000)
  from space 512K, 100% used [0x00000000d5a80000,0x00000000d5b00000,0x00000000d5b00000)
  to   space 1536K, 0% used [0x00000000d5900000,0x00000000d5900000,0x00000000d5a80000)
 ParOldGen       total 1000448K, used 1000104K [0x0000000080000000, 0x00000000bd100000, 0x00000000d5580000)
  object space 1000448K, 99% used [0x0000000080000000,0x00000000bd0aa1f0,0x00000000bd100000)
 Metaspace       used 77889K, committed 79488K, reserved 1179648K
  class space    used 7845K, committed 8576K, reserved 1048576K
}
Event: 447.141 GC heap after
{Heap after GC invocations=737 (full 4):
 PSYoungGen      total 4096K, used 512K [0x00000000d5580000, 0x00000000d5b00000, 0x0000000100000000)
  eden space 3584K, 0% used [0x00000000d5580000,0x00000000d5580000,0x00000000d5900000)
  from space 512K, 100% used [0x00000000d5900000,0x00000000d5980000,0x00000000d5980000)
  to   space 1024K, 0% used [0x00000000d5a00000,0x00000000d5a00000,0x00000000d5b00000)
 ParOldGen       total 1000960K, used 1000590K [0x0000000080000000, 0x00000000bd180000, 0x00000000d5580000)
  object space 1000960K, 99% used [0x0000000080000000,0x00000000bd123ac8,0x00000000bd180000)
 Metaspace       used 77889K, committed 79488K, reserved 1179648K
  class space    used 7845K, committed 8576K, reserved 1048576K
}
Event: 447.203 GC heap before
{Heap before GC invocations=738 (full 4):
 PSYoungGen      total 4096K, used 4096K [0x00000000d5580000, 0x00000000d5b00000, 0x0000000100000000)
  eden space 3584K, 100% used [0x00000000d5580000,0x00000000d5900000,0x00000000d5900000)
  from space 512K, 100% used [0x00000000d5900000,0x00000000d5980000,0x00000000d5980000)
  to   space 1024K, 0% used [0x00000000d5a00000,0x00000000d5a00000,0x00000000d5b00000)
 ParOldGen       total 1000960K, used 1000590K [0x0000000080000000, 0x00000000bd180000, 0x00000000d5580000)
  object space 1000960K, 99% used [0x0000000080000000,0x00000000bd123ac8,0x00000000bd180000)
 Metaspace       used 77893K, committed 79488K, reserved 1179648K
  class space    used 7845K, committed 8576K, reserved 1048576K
}
Event: 447.208 GC heap after
{Heap after GC invocations=738 (full 4):
 PSYoungGen      total 4608K, used 704K [0x00000000d5580000, 0x00000000d5b00000, 0x0000000100000000)
  eden space 3584K, 0% used [0x00000000d5580000,0x00000000d5580000,0x00000000d5900000)
  from space 1024K, 68% used [0x00000000d5a00000,0x00000000d5ab0020,0x00000000d5b00000)
  to   space 1024K, 0% used [0x00000000d5900000,0x00000000d5900000,0x00000000d5a00000)
 ParOldGen       total 1000960K, used 1000947K [0x0000000080000000, 0x00000000bd180000, 0x00000000d5580000)
  object space 1000960K, 99% used [0x0000000080000000,0x00000000bd17ce68,0x00000000bd180000)
 Metaspace       used 77893K, committed 79488K, reserved 1179648K
  class space    used 7845K, committed 8576K, reserved 1048576K
}
Event: 450.768 GC heap before
{Heap before GC invocations=739 (full 4):
 PSYoungGen      total 4608K, used 4284K [0x00000000d5580000, 0x00000000d5b00000, 0x0000000100000000)
  eden space 3584K, 99% used [0x00000000d5580000,0x00000000d58ff3d0,0x00000000d5900000)
  from space 1024K, 68% used [0x00000000d5a00000,0x00000000d5ab0020,0x00000000d5b00000)
  to   space 1024K, 0% used [0x00000000d5900000,0x00000000d5900000,0x00000000d5a00000)
 ParOldGen       total 1000960K, used 1000947K [0x0000000080000000, 0x00000000bd180000, 0x00000000d5580000)
  object space 1000960K, 99% used [0x0000000080000000,0x00000000bd17ce68,0x00000000bd180000)
 Metaspace       used 78218K, committed 79744K, reserved 1179648K
  class space    used 7880K, committed 8576K, reserved 1048576K
}
Event: 450.771 GC heap after
{Heap after GC invocations=739 (full 4):
 PSYoungGen      total 4608K, used 539K [0x00000000d5580000, 0x00000000d5b00000, 0x0000000100000000)
  eden space 3584K, 0% used [0x00000000d5580000,0x00000000d5580000,0x00000000d5900000)
  from space 1024K, 52% used [0x00000000d5900000,0x00000000d5986c40,0x00000000d5a00000)
  to   space 1024K, 0% used [0x00000000d5a00000,0x00000000d5a00000,0x00000000d5b00000)
 ParOldGen       total 1001984K, used 1001483K [0x0000000080000000, 0x00000000bd280000, 0x00000000d5580000)
  object space 1001984K, 99% used [0x0000000080000000,0x00000000bd202e88,0x00000000bd280000)
 Metaspace       used 78218K, committed 79744K, reserved 1179648K
  class space    used 7880K, committed 8576K, reserved 1048576K
}
Event: 450.837 GC heap before
{Heap before GC invocations=740 (full 4):
 PSYoungGen      total 4608K, used 4123K [0x00000000d5580000, 0x00000000d5b00000, 0x0000000100000000)
  eden space 3584K, 100% used [0x00000000d5580000,0x00000000d5900000,0x00000000d5900000)
  from space 1024K, 52% used [0x00000000d5900000,0x00000000d5986c40,0x00000000d5a00000)
  to   space 1024K, 0% used [0x00000000d5a00000,0x00000000d5a00000,0x00000000d5b00000)
 ParOldGen       total 1001984K, used 1001483K [0x0000000080000000, 0x00000000bd280000, 0x00000000d5580000)
  object space 1001984K, 99% used [0x0000000080000000,0x00000000bd202e88,0x00000000bd280000)
 Metaspace       used 78419K, committed 80000K, reserved 1179648K
  class space    used 7898K, committed 8640K, reserved 1048576K
}
Event: 450.840 GC heap after
{Heap after GC invocations=740 (full 4):
 PSYoungGen      total 4608K, used 532K [0x00000000d5580000, 0x00000000d5b00000, 0x0000000100000000)
  eden space 3584K, 0% used [0x00000000d5580000,0x00000000d5580000,0x00000000d5900000)
  from space 1024K, 52% used [0x00000000d5a00000,0x00000000d5a85200,0x00000000d5b00000)
  to   space 1024K, 0% used [0x00000000d5900000,0x00000000d5900000,0x00000000d5a00000)
 ParOldGen       total 1001984K, used 1001747K [0x0000000080000000, 0x00000000bd280000, 0x00000000d5580000)
  object space 1001984K, 99% used [0x0000000080000000,0x00000000bd244e88,0x00000000bd280000)
 Metaspace       used 78419K, committed 80000K, reserved 1179648K
  class space    used 7898K, committed 8640K, reserved 1048576K
}
Event: 450.858 GC heap before
{Heap before GC invocations=741 (full 4):
 PSYoungGen      total 4608K, used 4116K [0x00000000d5580000, 0x00000000d5b00000, 0x0000000100000000)
  eden space 3584K, 100% used [0x00000000d5580000,0x00000000d5900000,0x00000000d5900000)
  from space 1024K, 52% used [0x00000000d5a00000,0x00000000d5a85200,0x00000000d5b00000)
  to   space 1024K, 0% used [0x00000000d5900000,0x00000000d5900000,0x00000000d5a00000)
 ParOldGen       total 1001984K, used 1001747K [0x0000000080000000, 0x00000000bd280000, 0x00000000d5580000)
  object space 1001984K, 99% used [0x0000000080000000,0x00000000bd244e88,0x00000000bd280000)
 Metaspace       used 78439K, committed 80064K, reserved 1179648K
  class space    used 7901K, committed 8640K, reserved 1048576K
}
Event: 450.861 GC heap after
{Heap after GC invocations=741 (full 4):
 PSYoungGen      total 4608K, used 800K [0x00000000d5580000, 0x00000000d5b00000, 0x0000000100000000)
  eden space 3584K, 0% used [0x00000000d5580000,0x00000000d5580000,0x00000000d5900000)
  from space 1024K, 78% used [0x00000000d5900000,0x00000000d59c8000,0x00000000d5a00000)
  to   space 1024K, 0% used [0x00000000d5a00000,0x00000000d5a00000,0x00000000d5b00000)
 ParOldGen       total 1002496K, used 1002119K [0x0000000080000000, 0x00000000bd300000, 0x00000000d5580000)
  object space 1002496K, 99% used [0x0000000080000000,0x00000000bd2a1d18,0x00000000bd300000)
 Metaspace       used 78439K, committed 80064K, reserved 1179648K
  class space    used 7901K, committed 8640K, reserved 1048576K
}
Event: 450.873 GC heap before
{Heap before GC invocations=742 (full 4):
 PSYoungGen      total 4608K, used 4384K [0x00000000d5580000, 0x00000000d5b00000, 0x0000000100000000)
  eden space 3584K, 100% used [0x00000000d5580000,0x00000000d5900000,0x00000000d5900000)
  from space 1024K, 78% used [0x00000000d5900000,0x00000000d59c8000,0x00000000d5a00000)
  to   space 1024K, 0% used [0x00000000d5a00000,0x00000000d5a00000,0x00000000d5b00000)
 ParOldGen       total 1002496K, used 1002119K [0x0000000080000000, 0x00000000bd300000, 0x00000000d5580000)
  object space 1002496K, 99% used [0x0000000080000000,0x00000000bd2a1d18,0x00000000bd300000)
 Metaspace       used 78473K, committed 80064K, reserved 1179648K
  class space    used 7902K, committed 8640K, reserved 1048576K
}
Event: 450.875 GC heap after
{Heap after GC invocations=742 (full 4):
 PSYoungGen      total 4608K, used 607K [0x00000000d5580000, 0x00000000d5b00000, 0x0000000100000000)
  eden space 3584K, 0% used [0x00000000d5580000,0x00000000d5580000,0x00000000d5900000)
  from space 1024K, 59% used [0x00000000d5a00000,0x00000000d5a97fa8,0x00000000d5b00000)
  to   space 1024K, 0% used [0x00000000d5900000,0x00000000d5900000,0x00000000d5a00000)
 ParOldGen       total 1003008K, used 1002719K [0x0000000080000000, 0x00000000bd380000, 0x00000000d5580000)
  object space 1003008K, 99% used [0x0000000080000000,0x00000000bd337d58,0x00000000bd380000)
 Metaspace       used 78473K, committed 80064K, reserved 1179648K
  class space    used 7902K, committed 8640K, reserved 1048576K
}
Event: 450.884 GC heap before
{Heap before GC invocations=743 (full 4):
 PSYoungGen      total 4608K, used 4191K [0x00000000d5580000, 0x00000000d5b00000, 0x0000000100000000)
  eden space 3584K, 99% used [0x00000000d5580000,0x00000000d58ffff8,0x00000000d5900000)
  from space 1024K, 59% used [0x00000000d5a00000,0x00000000d5a97fa8,0x00000000d5b00000)
  to   space 1024K, 0% used [0x00000000d5900000,0x00000000d5900000,0x00000000d5a00000)
 ParOldGen       total 1003008K, used 1002719K [0x0000000080000000, 0x00000000bd380000, 0x00000000d5580000)
  object space 1003008K, 99% used [0x0000000080000000,0x00000000bd337d58,0x00000000bd380000)
 Metaspace       used 78523K, committed 80128K, reserved 1179648K
  class space    used 7904K, committed 8640K, reserved 1048576K
}
Event: 450.886 GC heap after
{Heap after GC invocations=743 (full 4):
 PSYoungGen      total 4608K, used 576K [0x00000000d5580000, 0x00000000d5b00000, 0x0000000100000000)
  eden space 3584K, 0% used [0x00000000d5580000,0x00000000d5580000,0x00000000d5900000)
  from space 1024K, 56% used [0x00000000d5900000,0x00000000d5990020,0x00000000d5a00000)
  to   space 1024K, 0% used [0x00000000d5a00000,0x00000000d5a00000,0x00000000d5b00000)
 ParOldGen       total 1003520K, used 1003060K [0x0000000080000000, 0x00000000bd400000, 0x00000000d5580000)
  object space 1003520K, 99% used [0x0000000080000000,0x00000000bd38d0f8,0x00000000bd400000)
 Metaspace       used 78523K, committed 80128K, reserved 1179648K
  class space    used 7904K, committed 8640K, reserved 1048576K
}
Event: 450.944 GC heap before
{Heap before GC invocations=744 (full 4):
 PSYoungGen      total 4608K, used 4160K [0x00000000d5580000, 0x00000000d5b00000, 0x0000000100000000)
  eden space 3584K, 100% used [0x00000000d5580000,0x00000000d5900000,0x00000000d5900000)
  from space 1024K, 56% used [0x00000000d5900000,0x00000000d5990020,0x00000000d5a00000)
  to   space 1024K, 0% used [0x00000000d5a00000,0x00000000d5a00000,0x00000000d5b00000)
 ParOldGen       total 1003520K, used 1003060K [0x0000000080000000, 0x00000000bd400000, 0x00000000d5580000)
  object space 1003520K, 99% used [0x0000000080000000,0x00000000bd38d0f8,0x00000000bd400000)
 Metaspace       used 78604K, committed 80192K, reserved 1179648K
  class space    used 7911K, committed 8640K, reserved 1048576K
}
Event: 450.948 GC heap after
{Heap after GC invocations=744 (full 4):
 PSYoungGen      total 4608K, used 832K [0x00000000d5580000, 0x00000000d5b00000, 0x0000000100000000)
  eden space 3584K, 0% used [0x00000000d5580000,0x00000000d5580000,0x00000000d5900000)
  from space 1024K, 81% used [0x00000000d5a00000,0x00000000d5ad0000,0x00000000d5b00000)
  to   space 1024K, 0% used [0x00000000d5900000,0x00000000d5900000,0x00000000d5a00000)
 ParOldGen       total 1003520K, used 1003412K [0x0000000080000000, 0x00000000bd400000, 0x00000000d5580000)
  object space 1003520K, 99% used [0x0000000080000000,0x00000000bd3e5118,0x00000000bd400000)
 Metaspace       used 78604K, committed 80192K, reserved 1179648K
  class space    used 7911K, committed 8640K, reserved 1048576K
}
Event: 451.097 GC heap before
{Heap before GC invocations=745 (full 4):
 PSYoungGen      total 4608K, used 4401K [0x00000000d5580000, 0x00000000d5b00000, 0x0000000100000000)
  eden space 3584K, 99% used [0x00000000d5580000,0x00000000d58fc6a8,0x00000000d5900000)
  from space 1024K, 81% used [0x00000000d5a00000,0x00000000d5ad0000,0x00000000d5b00000)
  to   space 1024K, 0% used [0x00000000d5900000,0x00000000d5900000,0x00000000d5a00000)
 ParOldGen       total 1003520K, used 1003412K [0x0000000080000000, 0x00000000bd400000, 0x00000000d5580000)
  object space 1003520K, 99% used [0x0000000080000000,0x00000000bd3e5118,0x00000000bd400000)
 Metaspace       used 79029K, committed 80576K, reserved 1179648K
  class space    used 7937K, committed 8640K, reserved 1048576K
}
Event: 451.100 GC heap after
{Heap after GC invocations=745 (full 4):
 PSYoungGen      total 4608K, used 593K [0x00000000d5580000, 0x00000000d5b00000, 0x0000000100000000)
  eden space 3584K, 0% used [0x00000000d5580000,0x00000000d5580000,0x00000000d5900000)
  from space 1024K, 57% used [0x00000000d5900000,0x00000000d59946f0,0x00000000d5a00000)
  to   space 1024K, 0% used [0x00000000d5a00000,0x00000000d5a00000,0x00000000d5b00000)
 ParOldGen       total 1004544K, used 1004044K [0x0000000080000000, 0x00000000bd500000, 0x00000000d5580000)
  object space 1004544K, 99% used [0x0000000080000000,0x00000000bd483038,0x00000000bd500000)
 Metaspace       used 79029K, committed 80576K, reserved 1179648K
  class space    used 7937K, committed 8640K, reserved 1048576K
}
Event: 451.243 GC heap before
{Heap before GC invocations=746 (full 4):
 PSYoungGen      total 4608K, used 4177K [0x00000000d5580000, 0x00000000d5b00000, 0x0000000100000000)
  eden space 3584K, 100% used [0x00000000d5580000,0x00000000d5900000,0x00000000d5900000)
  from space 1024K, 57% used [0x00000000d5900000,0x00000000d59946f0,0x00000000d5a00000)
  to   space 1024K, 0% used [0x00000000d5a00000,0x00000000d5a00000,0x00000000d5b00000)
 ParOldGen       total 1004544K, used 1004044K [0x0000000080000000, 0x00000000bd500000, 0x00000000d5580000)
  object space 1004544K, 99% used [0x0000000080000000,0x00000000bd483038,0x00000000bd500000)
 Metaspace       used 79303K, committed 80896K, reserved 1179648K
  class space    used 7957K, committed 8704K, reserved 1048576K
}

