# JRE version: OpenJDK Runtime Environment Temurin-21.0.10+7 (21.0.10+7) (build 21.0.10+7-LTS)
# Java VM: OpenJDK 64-Bit Server VM Temurin-21.0.10+7 (21.0.10+7-LTS, mixed mode, sharing, tiered, compressed oops, compressed class ptrs, parallel gc, windows-amd64)
GC Precious Log:
 CardTable entry size: 512
 CPUs: 16 total, 16 available
 Memory: 8010M
 Large Page Support: Disabled
 NUMA Support: Disabled
 Compressed Oops: Enabled (32-bit)
 Alignments: Space 512K, Generation 512K, Heap 2M
 Heap Min Capacity: 100M
 Heap Initial Capacity: 100M
 Heap Max Capacity: 2G
 Pre-touch: Disabled
 Parallel Workers: 13
Heap:
 PSYoungGen      total 3584K, used 3040K [0x00000000d5580000, 0x00000000d5a00000, 0x0000000100000000)
  eden space 2560K, 99% used [0x00000000d5580000,0x00000000d57fffe0,0x00000000d5800000)
  from space 1024K, 46% used [0x00000000d5800000,0x00000000d5878020,0x00000000d5900000)
  to   space 1024K, 0% used [0x00000000d5900000,0x00000000d5900000,0x00000000d5a00000)
 ParOldGen       total 817664K, used 244354K [0x0000000080000000, 0x00000000b1e80000, 0x00000000d5580000)
  object space 817664K, 29% used [0x0000000080000000,0x000000008eea0a98,0x00000000b1e80000)
 Metaspace       used 85365K, committed 87232K, reserved 1179648K
  class space    used 8568K, committed 9472K, reserved 1048576K
GC Heap History (20 events):
Event: 1343.085 GC heap before
{Heap before GC invocations=1507 (full 5):
 PSYoungGen      total 3584K, used 3354K [0x00000000d5580000, 0x00000000d5a00000, 0x0000000100000000)
  eden space 2560K, 100% used [0x00000000d5580000,0x00000000d5800000,0x00000000d5800000)
  from space 1024K, 77% used [0x00000000d5800000,0x00000000d58c6900,0x00000000d5900000)
  to   space 1024K, 0% used [0x00000000d5900000,0x00000000d5900000,0x00000000d5a00000)
 ParOldGen       total 817664K, used 240694K [0x0000000080000000, 0x00000000b1e80000, 0x00000000d5580000)
  object space 817664K, 29% used [0x0000000080000000,0x000000008eb0dad0,0x00000000b1e80000)
 Metaspace       used 85338K, committed 87232K, reserved 1179648K
  class space    used 8568K, committed 9472K, reserved 1048576K
}
Event: 1343.089 GC heap after
{Heap after GC invocations=1507 (full 5):
 PSYoungGen      total 3584K, used 704K [0x00000000d5580000, 0x00000000d5a00000, 0x0000000100000000)
  eden space 2560K, 0% used [0x00000000d5580000,0x00000000d5580000,0x00000000d5800000)
  from space 1024K, 68% used [0x00000000d5900000,0x00000000d59b0000,0x00000000d5a00000)
  to   space 1024K, 0% used [0x00000000d5800000,0x00000000d5800000,0x00000000d5900000)
 ParOldGen       total 817664K, used 241242K [0x0000000080000000, 0x00000000b1e80000, 0x00000000d5580000)
  object space 817664K, 29% used [0x0000000080000000,0x000000008eb96848,0x00000000b1e80000)
 Metaspace       used 85338K, committed 87232K, reserved 1179648K
  class space    used 8568K, committed 9472K, reserved 1048576K
}
Event: 1343.100 GC heap before
{Heap before GC invocations=1508 (full 5):
 PSYoungGen      total 3584K, used 3264K [0x00000000d5580000, 0x00000000d5a00000, 0x0000000100000000)
  eden space 2560K, 100% used [0x00000000d5580000,0x00000000d5800000,0x00000000d5800000)
  from space 1024K, 68% used [0x00000000d5900000,0x00000000d59b0000,0x00000000d5a00000)
  to   space 1024K, 0% used [0x00000000d5800000,0x00000000d5800000,0x00000000d5900000)
 ParOldGen       total 817664K, used 241242K [0x0000000080000000, 0x00000000b1e80000, 0x00000000d5580000)
  object space 817664K, 29% used [0x0000000080000000,0x000000008eb96848,0x00000000b1e80000)
 Metaspace       used 85344K, committed 87232K, reserved 1179648K
  class space    used 8568K, committed 9472K, reserved 1048576K
}
Event: 1343.103 GC heap after
{Heap after GC invocations=1508 (full 5):
 PSYoungGen      total 3584K, used 432K [0x00000000d5580000, 0x00000000d5a00000, 0x0000000100000000)
  eden space 2560K, 0% used [0x00000000d5580000,0x00000000d5580000,0x00000000d5800000)
  from space 1024K, 42% used [0x00000000d5800000,0x00000000d586c010,0x00000000d5900000)
  to   space 1024K, 0% used [0x00000000d5900000,0x00000000d5900000,0x00000000d5a00000)
 ParOldGen       total 817664K, used 241682K [0x0000000080000000, 0x00000000b1e80000, 0x00000000d5580000)
  object space 817664K, 29% used [0x0000000080000000,0x000000008ec04868,0x00000000b1e80000)
 Metaspace       used 85344K, committed 87232K, reserved 1179648K
  class space    used 8568K, committed 9472K, reserved 1048576K
}
Event: 1343.116 GC heap before
{Heap before GC invocations=1509 (full 5):
 PSYoungGen      total 3584K, used 2992K [0x00000000d5580000, 0x00000000d5a00000, 0x0000000100000000)
  eden space 2560K, 100% used [0x00000000d5580000,0x00000000d5800000,0x00000000d5800000)
  from space 1024K, 42% used [0x00000000d5800000,0x00000000d586c010,0x00000000d5900000)
  to   space 1024K, 0% used [0x00000000d5900000,0x00000000d5900000,0x00000000d5a00000)
 ParOldGen       total 817664K, used 241682K [0x0000000080000000, 0x00000000b1e80000, 0x00000000d5580000)
  object space 817664K, 29% used [0x0000000080000000,0x000000008ec04868,0x00000000b1e80000)
 Metaspace       used 85344K, committed 87232K, reserved 1179648K
  class space    used 8568K, committed 9472K, reserved 1048576K
}
Event: 1343.119 GC heap after
{Heap after GC invocations=1509 (full 5):
 PSYoungGen      total 3584K, used 544K [0x00000000d5580000, 0x00000000d5a00000, 0x0000000100000000)
  eden space 2560K, 0% used [0x00000000d5580000,0x00000000d5580000,0x00000000d5800000)
  from space 1024K, 53% used [0x00000000d5900000,0x00000000d5988000,0x00000000d5a00000)
  to   space 1024K, 0% used [0x00000000d5800000,0x00000000d5800000,0x00000000d5900000)
 ParOldGen       total 817664K, used 241970K [0x0000000080000000, 0x00000000b1e80000, 0x00000000d5580000)
  object space 817664K, 29% used [0x0000000080000000,0x000000008ec4c888,0x00000000b1e80000)
 Metaspace       used 85344K, committed 87232K, reserved 1179648K
  class space    used 8568K, committed 9472K, reserved 1048576K
}
Event: 1343.130 GC heap before
{Heap before GC invocations=1510 (full 5):
 PSYoungGen      total 3584K, used 3104K [0x00000000d5580000, 0x00000000d5a00000, 0x0000000100000000)
  eden space 2560K, 100% used [0x00000000d5580000,0x00000000d5800000,0x00000000d5800000)
  from space 1024K, 53% used [0x00000000d5900000,0x00000000d5988000,0x00000000d5a00000)
  to   space 1024K, 0% used [0x00000000d5800000,0x00000000d5800000,0x00000000d5900000)
 ParOldGen       total 817664K, used 241970K [0x0000000080000000, 0x00000000b1e80000, 0x00000000d5580000)
  object space 817664K, 29% used [0x0000000080000000,0x000000008ec4c888,0x00000000b1e80000)
 Metaspace       used 85344K, committed 87232K, reserved 1179648K
  class space    used 8568K, committed 9472K, reserved 1048576K
}
Event: 1343.135 GC heap after
{Heap after GC invocations=1510 (full 5):
 PSYoungGen      total 3584K, used 496K [0x00000000d5580000, 0x00000000d5a00000, 0x0000000100000000)
  eden space 2560K, 0% used [0x00000000d5580000,0x00000000d5580000,0x00000000d5800000)
  from space 1024K, 48% used [0x00000000d5800000,0x00000000d587c010,0x00000000d5900000)
  to   space 1024K, 0% used [0x00000000d5900000,0x00000000d5900000,0x00000000d5a00000)
 ParOldGen       total 817664K, used 242242K [0x0000000080000000, 0x00000000b1e80000, 0x00000000d5580000)
  object space 817664K, 29% used [0x0000000080000000,0x000000008ec90888,0x00000000b1e80000)
 Metaspace       used 85344K, committed 87232K, reserved 1179648K
  class space    used 8568K, committed 9472K, reserved 1048576K
}
Event: 1343.143 GC heap before
{Heap before GC invocations=1511 (full 5):
 PSYoungGen      total 3584K, used 3056K [0x00000000d5580000, 0x00000000d5a00000, 0x0000000100000000)
  eden space 2560K, 100% used [0x00000000d5580000,0x00000000d5800000,0x00000000d5800000)
  from space 1024K, 48% used [0x00000000d5800000,0x00000000d587c010,0x00000000d5900000)
  to   space 1024K, 0% used [0x00000000d5900000,0x00000000d5900000,0x00000000d5a00000)
 ParOldGen       total 817664K, used 242242K [0x0000000080000000, 0x00000000b1e80000, 0x00000000d5580000)
  object space 817664K, 29% used [0x0000000080000000,0x000000008ec90888,0x00000000b1e80000)
 Metaspace       used 85344K, committed 87232K, reserved 1179648K
  class space    used 8568K, committed 9472K, reserved 1048576K
}
Event: 1343.145 GC heap after
{Heap after GC invocations=1511 (full 5):
 PSYoungGen      total 3072K, used 384K [0x00000000d5580000, 0x00000000d5980000, 0x0000000100000000)
  eden space 2560K, 0% used [0x00000000d5580000,0x00000000d5580000,0x00000000d5800000)
  from space 512K, 75% used [0x00000000d5900000,0x00000000d5960020,0x00000000d5980000)
  to   space 512K, 0% used [0x00000000d5880000,0x00000000d5880000,0x00000000d5900000)
 ParOldGen       total 817664K, used 242610K [0x0000000080000000, 0x00000000b1e80000, 0x00000000d5580000)
  object space 817664K, 29% used [0x0000000080000000,0x000000008ecec8a8,0x00000000b1e80000)
 Metaspace       used 85344K, committed 87232K, reserved 1179648K
  class space    used 8568K, committed 9472K, reserved 1048576K
}
Event: 1343.158 GC heap before
{Heap before GC invocations=1512 (full 5):
 PSYoungGen      total 3072K, used 2944K [0x00000000d5580000, 0x00000000d5980000, 0x0000000100000000)
  eden space 2560K, 100% used [0x00000000d5580000,0x00000000d5800000,0x00000000d5800000)
  from space 512K, 75% used [0x00000000d5900000,0x00000000d5960020,0x00000000d5980000)
  to   space 512K, 0% used [0x00000000d5880000,0x00000000d5880000,0x00000000d5900000)
 ParOldGen       total 817664K, used 242610K [0x0000000080000000, 0x00000000b1e80000, 0x00000000d5580000)
  object space 817664K, 29% used [0x0000000080000000,0x000000008ecec8a8,0x00000000b1e80000)
 Metaspace       used 85344K, committed 87232K, reserved 1179648K
  class space    used 8568K, committed 9472K, reserved 1048576K
}
Event: 1343.160 GC heap after
{Heap after GC invocations=1512 (full 5):
 PSYoungGen      total 3072K, used 480K [0x00000000d5580000, 0x00000000d5980000, 0x0000000100000000)
  eden space 2560K, 0% used [0x00000000d5580000,0x00000000d5580000,0x00000000d5800000)
  from space 512K, 93% used [0x00000000d5880000,0x00000000d58f8000,0x00000000d5900000)
  to   space 512K, 0% used [0x00000000d5900000,0x00000000d5900000,0x00000000d5980000)
 ParOldGen       total 817664K, used 242882K [0x0000000080000000, 0x00000000b1e80000, 0x00000000d5580000)
  object space 817664K, 29% used [0x0000000080000000,0x000000008ed308c8,0x00000000b1e80000)
 Metaspace       used 85344K, committed 87232K, reserved 1179648K
  class space    used 8568K, committed 9472K, reserved 1048576K
}
Event: 1343.172 GC heap before
{Heap before GC invocations=1513 (full 5):
 PSYoungGen      total 3072K, used 3040K [0x00000000d5580000, 0x00000000d5980000, 0x0000000100000000)
  eden space 2560K, 100% used [0x00000000d5580000,0x00000000d5800000,0x00000000d5800000)
  from space 512K, 93% used [0x00000000d5880000,0x00000000d58f8000,0x00000000d5900000)
  to   space 512K, 0% used [0x00000000d5900000,0x00000000d5900000,0x00000000d5980000)
 ParOldGen       total 817664K, used 242882K [0x0000000080000000, 0x00000000b1e80000, 0x00000000d5580000)
  object space 817664K, 29% used [0x0000000080000000,0x000000008ed308c8,0x00000000b1e80000)
 Metaspace       used 85354K, committed 87232K, reserved 1179648K
  class space    used 8568K, committed 9472K, reserved 1048576K
}
Event: 1343.174 GC heap after
{Heap after GC invocations=1513 (full 5):
 PSYoungGen      total 3072K, used 512K [0x00000000d5580000, 0x00000000d5a00000, 0x0000000100000000)
  eden space 2560K, 0% used [0x00000000d5580000,0x00000000d5580000,0x00000000d5800000)
  from space 512K, 100% used [0x00000000d5900000,0x00000000d5980000,0x00000000d5980000)
  to   space 1024K, 0% used [0x00000000d5800000,0x00000000d5800000,0x00000000d5900000)
 ParOldGen       total 817664K, used 243122K [0x0000000080000000, 0x00000000b1e80000, 0x00000000d5580000)
  object space 817664K, 29% used [0x0000000080000000,0x000000008ed6c8c8,0x00000000b1e80000)
 Metaspace       used 85354K, committed 87232K, reserved 1179648K
  class space    used 8568K, committed 9472K, reserved 1048576K
}
Event: 1343.208 GC heap before
{Heap before GC invocations=1514 (full 5):
 PSYoungGen      total 3072K, used 3072K [0x00000000d5580000, 0x00000000d5a00000, 0x0000000100000000)
  eden space 2560K, 100% used [0x00000000d5580000,0x00000000d5800000,0x00000000d5800000)
  from space 512K, 100% used [0x00000000d5900000,0x00000000d5980000,0x00000000d5980000)
  to   space 1024K, 0% used [0x00000000d5800000,0x00000000d5800000,0x00000000d5900000)
 ParOldGen       total 817664K, used 243122K [0x0000000080000000, 0x00000000b1e80000, 0x00000000d5580000)
  object space 817664K, 29% used [0x0000000080000000,0x000000008ed6c8c8,0x00000000b1e80000)
 Metaspace       used 85358K, committed 87232K, reserved 1179648K
  class space    used 8568K, committed 9472K, reserved 1048576K
}
Event: 1343.212 GC heap after
{Heap after GC invocations=1514 (full 5):
 PSYoungGen      total 3584K, used 672K [0x00000000d5580000, 0x00000000d5a00000, 0x0000000100000000)
  eden space 2560K, 0% used [0x00000000d5580000,0x00000000d5580000,0x00000000d5800000)
  from space 1024K, 65% used [0x00000000d5800000,0x00000000d58a8020,0x00000000d5900000)
  to   space 1024K, 0% used [0x00000000d5900000,0x00000000d5900000,0x00000000d5a00000)
 ParOldGen       total 817664K, used 243418K [0x0000000080000000, 0x00000000b1e80000, 0x00000000d5580000)
  object space 817664K, 29% used [0x0000000080000000,0x000000008edb68e8,0x00000000b1e80000)
 Metaspace       used 85358K, committed 87232K, reserved 1179648K
  class space    used 8568K, committed 9472K, reserved 1048576K
}
Event: 1352.732 GC heap before
{Heap before GC invocations=1515 (full 5):
 PSYoungGen      total 3584K, used 3232K [0x00000000d5580000, 0x00000000d5a00000, 0x0000000100000000)
  eden space 2560K, 100% used [0x00000000d5580000,0x00000000d5800000,0x00000000d5800000)
  from space 1024K, 65% used [0x00000000d5800000,0x00000000d58a8020,0x00000000d5900000)
  to   space 1024K, 0% used [0x00000000d5900000,0x00000000d5900000,0x00000000d5a00000)
 ParOldGen       total 817664K, used 243418K [0x0000000080000000, 0x00000000b1e80000, 0x00000000d5580000)
  object space 817664K, 29% used [0x0000000080000000,0x000000008edb68e8,0x00000000b1e80000)
 Metaspace       used 85362K, committed 87232K, reserved 1179648K
  class space    used 8568K, committed 9472K, reserved 1048576K
}
Event: 1352.740 GC heap after
{Heap after GC invocations=1515 (full 5):
 PSYoungGen      total 3584K, used 640K [0x00000000d5580000, 0x00000000d5a00000, 0x0000000100000000)
  eden space 2560K, 0% used [0x00000000d5580000,0x00000000d5580000,0x00000000d5800000)
  from space 1024K, 62% used [0x00000000d5900000,0x00000000d59a0000,0x00000000d5a00000)
  to   space 1024K, 0% used [0x00000000d5800000,0x00000000d5800000,0x00000000d5900000)
 ParOldGen       total 817664K, used 243938K [0x0000000080000000, 0x00000000b1e80000, 0x00000000d5580000)
  object space 817664K, 29% used [0x0000000080000000,0x000000008ee38908,0x00000000b1e80000)
 Metaspace       used 85362K, committed 87232K, reserved 1179648K
  class space    used 8568K, committed 9472K, reserved 1048576K
}
Event: 1352.748 GC heap before
{Heap before GC invocations=1516 (full 5):
 PSYoungGen      total 3584K, used 3200K [0x00000000d5580000, 0x00000000d5a00000, 0x0000000100000000)
  eden space 2560K, 100% used [0x00000000d5580000,0x00000000d5800000,0x00000000d5800000)
  from space 1024K, 62% used [0x00000000d5900000,0x00000000d59a0000,0x00000000d5a00000)
  to   space 1024K, 0% used [0x00000000d5800000,0x00000000d5800000,0x00000000d5900000)
 ParOldGen       total 817664K, used 243938K [0x0000000080000000, 0x00000000b1e80000, 0x00000000d5580000)
  object space 817664K, 29% used [0x0000000080000000,0x000000008ee38908,0x00000000b1e80000)
 Metaspace       used 85362K, committed 87232K, reserved 1179648K
  class space    used 8568K, committed 9472K, reserved 1048576K
}
Event: 1352.752 GC heap after
{Heap after GC invocations=1516 (full 5):
 PSYoungGen      total 3584K, used 480K [0x00000000d5580000, 0x00000000d5a00000, 0x0000000100000000)
  eden space 2560K, 0% used [0x00000000d5580000,0x00000000d5580000,0x00000000d5800000)
  from space 1024K, 46% used [0x00000000d5800000,0x00000000d5878020,0x00000000d5900000)
  to   space 1024K, 0% used [0x00000000d5900000,0x00000000d5900000,0x00000000d5a00000)
 ParOldGen       total 817664K, used 244354K [0x0000000080000000, 0x00000000b1e80000, 0x00000000d5580000)
  object space 817664K, 29% used [0x0000000080000000,0x000000008eea0a98,0x00000000b1e80000)
 Metaspace       used 85362K, committed 87232K, reserved 1179648K
  class space    used 8568K, committed 9472K, reserved 1048576K
}

